#
# There is insufficient memory for the Java Runtime Environment to continue.
# Native memory allocation (mmap) failed to map 264241152 bytes. Error detail: G1 virtual space
# Possible reasons:
#   The system is out of physical RAM or swap space
#   This process is running with CompressedOops enabled, and the Java Heap may be blocking the growth of the native heap
# Possible solutions:
#   Reduce memory load on the system
#   Increase physical memory or swap space
#   Check if swap backing store is full
#   Decrease Java heap size (-Xmx/-Xms)
#   Decrease number of Java threads
#   Decrease Java thread stack sizes (-Xss)
#   Set larger code cache with -XX:ReservedCodeCacheSize=
#   JVM is running with Zero Based Compressed Oops mode in which the Java heap is
#     placed in the first 32GB address space. The Java Heap base address is the
#     maximum limit for the native heap growth. Please use -XX:HeapBaseMinAddress
#     to set the Java Heap base and to place the Java Heap above 32GB virtual address.
# This output file may be truncated or incomplete.
#
#  Out of Memory Error (os_windows.cpp:3925), pid=27176, tid=21744
#
# JRE version:  (21.0.8+1) (build )
# Java VM: OpenJDK 64-Bit Server VM (21.0.8+1-b1038.68, mixed mode, sharing, tiered, compressed oops, compressed class ptrs, g1 gc, windows-amd64)
# No core dump will be written. Minidumps are not enabled by default on client versions of Windows
#

---------------  S U M M A R Y ------------

Command Line: git4idea.http.GitAskPassApp Username for 'https://github.com': 

Host: 13th Gen Intel(R) Core(TM) i5-13500HX, 20 cores, 15G,  Windows 11 , 64 bit Build 26100 (10.0.26100.7019)
Time: Tue Nov 18 09:21:16 2025 elapsed time: 1.362232 seconds (0d 0h 0m 1s)

---------------  T H R E A D  ---------------

Current thread (0x000002a1da504a30):  JavaThread "Unknown thread" [_thread_in_vm, id=21744, stack(0x000000c3ef400000,0x000000c3ef500000) (1024K)]

Stack: [0x000000c3ef400000,0x000000c3ef500000]
Native frames: (J=compiled Java code, j=interpreted, Vv=VM code, C=native code)
V  [jvm.dll+0x6ebeb9]
V  [jvm.dll+0x8cbec3]
V  [jvm.dll+0x8ce47e]
V  [jvm.dll+0x8ceb63]
V  [jvm.dll+0x28adf6]
V  [jvm.dll+0x6e8695]
V  [jvm.dll+0x6dbeea]
V  [jvm.dll+0x36689b]
V  [jvm.dll+0x36e466]
V  [jvm.dll+0x3c08c6]
V  [jvm.dll+0x3c0b98]
V  [jvm.dll+0x3390cc]
V  [jvm.dll+0x339dbb]
V  [jvm.dll+0x893349]
V  [jvm.dll+0x3cda98]
V  [jvm.dll+0x87c368]
V  [jvm.dll+0x46283e]
V  [jvm.dll+0x464521]
C  [jli.dll+0x52ab]
C  [ucrtbase.dll+0x37b0]
C  [KERNEL32.DLL+0x2e8d7]
C  [ntdll.dll+0x8c53c]


---------------  P R O C E S S  ---------------

Threads class SMR info:
_java_thread_list=0x00007ffacb4132c8, length=0, elements={
}

Java Threads: ( => current thread )
Total: 0

Other Threads:
  0x000002a1dc0736a0 WorkerThread "GC Thread#0"                     [id=48992, stack(0x000000c3ef500000,0x000000c3ef600000) (1024K)]
  0x000002a1dc084f50 ConcurrentGCThread "G1 Main Marker"            [id=28492, stack(0x000000c3ef600000,0x000000c3ef700000) (1024K)]
  0x000002a1dc086100 WorkerThread "G1 Conc#0"                       [id=5724, stack(0x000000c3ef700000,0x000000c3ef800000) (1024K)]

[error occurred during error reporting (printing all threads), id 0xc0000005, EXCEPTION_ACCESS_VIOLATION (0xc0000005) at pc=0x00007ffacaafc0b7]
VM state: not at safepoint (not fully initialized)

VM Mutex/Monitor currently owned by a thread:  ([mutex/lock_event])
[0x00007ffacb487d58] Heap_lock - owner thread: 0x000002a1da504a30

Heap address: 0x0000000704c00000, size: 4020 MB, Compressed Oops mode: Zero based, Oop shift amount: 3

CDS archive(s) mapped at: [0x0000000000000000-0x0000000000000000-0x0000000000000000), size 0, SharedBaseAddress: 0x0000000800000000, ArchiveRelocationMode: 1.
Narrow klass base: 0x0000000000000000, Narrow klass shift: 0, Narrow klass range: 0x0

GC Precious Log:
 CardTable entry size: 512
 Card Set container configuration: InlinePtr #cards 4 size 8 Array Of Cards #cards 16 size 48 Howl #buckets 8 coarsen threshold 3686 Howl Bitmap #cards 512 size 80 coarsen threshold 460 Card regions per heap region 1 cards per card region 4096

Heap:
 garbage-first heap   total 0K, used 0K [0x0000000704c00000, 0x0000000800000000)
  region size 2048K, 0 young (0K), 0 survivors (0K)
 Metaspace       used 0K, committed 0K, reserved 0K
  class space    used 0K, committed 0K, reserved 0K

Heap Regions: E=young(eden), S=young(survivor), O=old, HS=humongous(starts), HC=humongous(continues), CS=collection set, F=free, TAMS=top-at-mark-start, PB=parsable bottom

Card table byte_map: [0x000002a1f0a40000,0x000002a1f1220000] _byte_map_base: 0x000002a1ed21a000

Marking Bits: (CMBitMap*) 0x000002a1dc073cb0
 Bits: [0x000002a1f1220000, 0x000002a1f50f0000)

GC Heap History (0 events):
No events

Dll operation events (1 events):
Event: 0.023 Loaded shared library C:\Program Files\JetBrains\JetBrains Rider 2025.2.1\jbr\bin\java.dll

Deoptimization events (0 events):
No events

Classes loaded (0 events):
No events

Classes unloaded (0 events):
No events

Classes redefined (0 events):
No events

Internal exceptions (0 events):
No events

ZGC Phase Switch (0 events):
No events

VM Operations (0 events):
No events

Memory protections (0 events):
No events

Nmethod flushes (0 events):
No events

Events (0 events):
No events


Dynamic libraries:
0x00007ff7f60b0000 - 0x00007ff7f60ba000 	C:\Program Files\JetBrains\JetBrains Rider 2025.2.1\jbr\bin\java.exe
0x00007ffc025a0000 - 0x00007ffc02808000 	C:\WINDOWS\SYSTEM32\ntdll.dll
0x00007ffc02030000 - 0x00007ffc020f9000 	C:\WINDOWS\System32\KERNEL32.DLL
0x00007ffbffde0000 - 0x00007ffc001d8000 	C:\WINDOWS\System32\KERNELBASE.dll
0x00007ffbffc00000 - 0x00007ffbffd4b000 	C:\WINDOWS\System32\ucrtbase.dll
0x00007ffb77630000 - 0x00007ffb77648000 	C:\Program Files\JetBrains\JetBrains Rider 2025.2.1\jbr\bin\jli.dll
0x00007ffc00a60000 - 0x00007ffc00c27000 	C:\WINDOWS\System32\USER32.dll
0x00007ffba5b90000 - 0x00007ffba5bab000 	C:\Program Files\JetBrains\JetBrains Rider 2025.2.1\jbr\bin\VCRUNTIME140.dll
0x00007ffbff9a0000 - 0x00007ffbff9c7000 	C:\WINDOWS\System32\win32u.dll
0x00007ffc014c0000 - 0x00007ffc014eb000 	C:\WINDOWS\System32\GDI32.dll
0x00007ffbdaae0000 - 0x00007ffbdad74000 	C:\WINDOWS\WinSxS\amd64_microsoft.windows.common-controls_6595b64144ccf1df_6.0.26100.7019_none_3e06ffa0e335b8a8\COMCTL32.dll
0x00007ffc001e0000 - 0x00007ffc0030c000 	C:\WINDOWS\System32\gdi32full.dll
0x00007ffc00380000 - 0x00007ffc00429000 	C:\WINDOWS\System32\msvcrt.dll
0x00007ffbff830000 - 0x00007ffbff8d3000 	C:\WINDOWS\System32\msvcp_win.dll
0x00007ffc01d10000 - 0x00007ffc01d41000 	C:\WINDOWS\System32\IMM32.DLL
0x00007ffbcaca0000 - 0x00007ffbcacac000 	C:\Program Files\JetBrains\JetBrains Rider 2025.2.1\jbr\bin\vcruntime140_1.dll
0x00007ffb7f4e0000 - 0x00007ffb7f56d000 	C:\Program Files\JetBrains\JetBrains Rider 2025.2.1\jbr\bin\msvcp140.dll
0x00007ffaca7b0000 - 0x00007ffacb57b000 	C:\Program Files\JetBrains\JetBrains Rider 2025.2.1\jbr\bin\server\jvm.dll
0x00007ffc014f0000 - 0x00007ffc015a4000 	C:\WINDOWS\System32\ADVAPI32.dll
0x00007ffc01130000 - 0x00007ffc011d6000 	C:\WINDOWS\System32\sechost.dll
0x00007ffc022d0000 - 0x00007ffc023e8000 	C:\WINDOWS\System32\RPCRT4.dll
0x00007ffc012a0000 - 0x00007ffc01314000 	C:\WINDOWS\System32\WS2_32.dll
0x00007ffbfe300000 - 0x00007ffbfe35e000 	C:\WINDOWS\SYSTEM32\POWRPROF.dll
0x00007ffbfc160000 - 0x00007ffbfc195000 	C:\WINDOWS\SYSTEM32\WINMM.dll
0x00007ffbf3db0000 - 0x00007ffbf3dbb000 	C:\WINDOWS\SYSTEM32\VERSION.dll
0x00007ffbfe2e0000 - 0x00007ffbfe2f4000 	C:\WINDOWS\SYSTEM32\UMPDC.dll
0x00007ffbfe5a0000 - 0x00007ffbfe5bb000 	C:\WINDOWS\SYSTEM32\kernel.appcore.dll
0x00007ffbcac70000 - 0x00007ffbcac7a000 	C:\Program Files\JetBrains\JetBrains Rider 2025.2.1\jbr\bin\jimage.dll
0x00007ffbfcb80000 - 0x00007ffbfcdc2000 	C:\WINDOWS\SYSTEM32\DBGHELP.DLL
0x00007ffc00c30000 - 0x00007ffc00fbb000 	C:\WINDOWS\System32\combase.dll
0x00007ffc021f0000 - 0x00007ffc022c7000 	C:\WINDOWS\System32\OLEAUT32.dll
0x00007ffbcda60000 - 0x00007ffbcda9c000 	C:\WINDOWS\SYSTEM32\dbgcore.DLL
0x00007ffbffb50000 - 0x00007ffbffbf5000 	C:\WINDOWS\System32\bcryptPrimitives.dll
0x00007ffba28e0000 - 0x00007ffba2900000 	C:\Program Files\JetBrains\JetBrains Rider 2025.2.1\jbr\bin\java.dll

JVMTI agents: none

dbghelp: loaded successfully - version: 4.0.5 - missing functions: none
symbol engine: initialized successfully - sym options: 0x614 - pdb path: .;C:\Program Files\JetBrains\JetBrains Rider 2025.2.1\jbr\bin;C:\WINDOWS\SYSTEM32;C:\WINDOWS\WinSxS\amd64_microsoft.windows.common-controls_6595b64144ccf1df_6.0.26100.7019_none_3e06ffa0e335b8a8;C:\Program Files\JetBrains\JetBrains Rider 2025.2.1\jbr\bin\server

VM Arguments:
java_command: git4idea.http.GitAskPassApp Username for 'https://github.com': 
java_class_path (initial): C:/Program Files/JetBrains/JetBrains Rider 2025.2.1/plugins/vcs-git/lib/git4idea-rt.jar;C:/Program Files/JetBrains/JetBrains Rider 2025.2.1/lib/externalProcess-rt.jar
Launcher Type: SUN_STANDARD

[Global flags]
     intx CICompilerCount                          = 12                                        {product} {ergonomic}
     uint ConcGCThreads                            = 4                                         {product} {ergonomic}
     uint G1ConcRefinementThreads                  = 15                                        {product} {ergonomic}
   size_t G1HeapRegionSize                         = 2097152                                   {product} {ergonomic}
    uintx GCDrainStackTargetSize                   = 64                                        {product} {ergonomic}
   size_t InitialHeapSize                          = 264241152                                 {product} {ergonomic}
   size_t MarkStackSize                            = 4194304                                   {product} {ergonomic}
   size_t MaxHeapSize                              = 4215275520                                {product} {ergonomic}
   size_t MinHeapDeltaBytes                        = 2097152                                   {product} {ergonomic}
   size_t MinHeapSize                              = 8388608                                   {product} {ergonomic}
    uintx NonNMethodCodeHeapSize                   = 7602480                                {pd product} {ergonomic}
    uintx NonProfiledCodeHeapSize                  = 122027880                              {pd product} {ergonomic}
    uintx ProfiledCodeHeapSize                     = 122027880                              {pd product} {ergonomic}
    uintx ReservedCodeCacheSize                    = 251658240                              {pd product} {ergonomic}
     bool SegmentedCodeCache                       = true                                      {product} {ergonomic}
   size_t SoftMaxHeapSize                          = 4215275520                             {manageable} {ergonomic}
     bool UseCompressedOops                        = true                           {product lp64_product} {ergonomic}
     bool UseG1GC                                  = true                                      {product} {ergonomic}
     bool UseLargePagesIndividualAllocation        = false                                  {pd product} {ergonomic}

Logging:
Log output configuration:
 #0: stdout all=warning uptime,level,tags foldmultilines=false
 #1: stderr all=off uptime,level,tags foldmultilines=false

Environment Variables:
PATH=C:/Program Files/Git/mingw64/libexec/git-core;C:/Program Files/Git/mingw64/libexec/git-core;C:\Program Files\Git\mingw64\bin;C:\Program Files\Git\usr\bin;C:\Users\lsq99\bin;C:\Program Files\Eclipse Adoptium\jdk-25.0.1.8-hotspot\bin;C:\WINDOWS\system32;C:\WINDOWS;C:\WINDOWS\System32\Wbem;C:\WINDOWS\System32\WindowsPowerShell\v1.0\;C:\WINDOWS\System32\OpenSSH\;C:\Program Files\Git\cmd;C:\Program Files\dotnet\;C:\Program Files\CMake\bin;C:\Program Files (x86)\Windows Kits\10\Windows Performance Toolkit\;C:\Users\lsq99\AppData\Local\Programs\Python\Python311\Scripts\;C:\Users\lsq99\AppData\Local\Programs\Python\Python311\;C:\Users\lsq99\AppData\Local\Programs\Python\Python313\Scripts\;C:\Users\lsq99\AppData\Local\Programs\Python\Python313\;C:\Users\lsq99\AppData\Local\Microsoft\WindowsApps;C:\Users\lsq99\AppData\Local\Programs\Microsoft VS Code\bin;C:\Program Files\JetBrains\JetBrains Rider 2025.2.1\bin;C:\Users\lsq99\.dotnet\tools;C:\Users\lsq99\AppData\Local\GitHubDesktop\bin
USERNAME=lsq99
DISPLAY=:0.0
LC_ALL=en_US.UTF-8
TERM=xterm-256color
TMPDIR=C:\Users\lsq99\AppData\Local\Temp
OS=Windows_NT
PROCESSOR_IDENTIFIER=Intel64 Family 6 Model 191 Stepping 2, GenuineIntel
TMP=C:\Users\lsq99\AppData\Local\Temp
TEMP=C:\Users\lsq99\AppData\Local\Temp




Periodic native trim disabled

JNI global refs:
JNI global refs: 0, weak refs: 0

JNI global refs memory usage: 0, weak refs: 0

Process memory usage:
Resident Set Size: 12720K (0% of 16463352K total physical memory with 1579732K free physical memory)

OOME stack traces (most recent first):
Classloader memory used:

---------------  S Y S T E M  ---------------

OS:
 Windows 11 , 64 bit Build 26100 (10.0.26100.7019)
OS uptime: 6 days 4:36 hours

CPU: total 20 (initial active 20) (20 cores per cpu, 1 threads per core) family 6 model 191 stepping 2 microcode 0x37, cx8, cmov, fxsr, mmx, 3dnowpref, sse, sse2, sse3, ssse3, sse4.1, sse4.2, popcnt, lzcnt, tsc, tscinvbit, avx, avx2, aes, erms, clmul, bmi1, bmi2, adx, sha, fma, vzeroupper, clflush, clflushopt, clwb, serialize, rdtscp, rdpid, fsrm, f16c, pku, cet_ibt, cet_ss
Processor Information for processor 0
  Max Mhz: 2500, Current Mhz: 2500, Mhz Limit: 2500
Processor Information for processor 1
  Max Mhz: 2500, Current Mhz: 2500, Mhz Limit: 2500
Processor Information for processor 2
  Max Mhz: 2500, Current Mhz: 2500, Mhz Limit: 2500
Processor Information for processor 3
  Max Mhz: 2500, Current Mhz: 2500, Mhz Limit: 2500
Processor Information for processor 4
  Max Mhz: 2500, Current Mhz: 2500, Mhz Limit: 2500
Processor Information for processor 5
  Max Mhz: 2500, Current Mhz: 2500, Mhz Limit: 2500
Processor Information for processor 6
  Max Mhz: 2500, Current Mhz: 2500, Mhz Limit: 2500
Processor Information for processor 7
  Max Mhz: 2500, Current Mhz: 2500, Mhz Limit: 2500
Processor Information for processor 8
  Max Mhz: 2500, Current Mhz: 2500, Mhz Limit: 2500
Processor Information for processor 9
  Max Mhz: 2500, Current Mhz: 2500, Mhz Limit: 2500
Processor Information for processor 10
  Max Mhz: 2500, Current Mhz: 2500, Mhz Limit: 2500
Processor Information for processor 11
  Max Mhz: 2500, Current Mhz: 2500, Mhz Limit: 2500
Processor Information for processor 12
  Max Mhz: 2500, Current Mhz: 2500, Mhz Limit: 2500
Processor Information for processor 13
  Max Mhz: 2500, Current Mhz: 2500, Mhz Limit: 2500
Processor Information for processor 14
  Max Mhz: 2500, Current Mhz: 2500, Mhz Limit: 2500
Processor Information for processor 15
  Max Mhz: 2500, Current Mhz: 1527, Mhz Limit: 2500
Processor Information for processor 16
  Max Mhz: 2500, Current Mhz: 2500, Mhz Limit: 2500
Processor Information for processor 17
  Max Mhz: 2500, Current Mhz: 2500, Mhz Limit: 2500
Processor Information for processor 18
  Max Mhz: 2500, Current Mhz: 2500, Mhz Limit: 2500
Processor Information for processor 19
  Max Mhz: 2500, Current Mhz: 2500, Mhz Limit: 2500

Memory: 4k page, system-wide physical 16077M (1542M free)
TotalPageFile size 65229M (AvailPageFile size 157M)
current process WorkingSet (physical memory assigned to process): 12M, peak: 12M
current process commit charge ("private bytes"): 75M, peak: 327M

vm_info: OpenJDK 64-Bit Server VM (21.0.8+1-b1038.68) for windows-amd64 JRE (21.0.8+1-b1038.68), built on 2025-07-24 by "builduser" with MS VC++ 16.10 / 16.11 (VS2019)

END.
